<?xml version="1.0" encoding="UTF-8"?>
<coverage generated="1745426599879" clover="3.2.0">
  <project timestamp="1745426599880" name="All files">
    <metrics statements="9" coveredstatements="6" conditionals="4" coveredconditionals="1" methods="2" coveredmethods="1" elements="15" coveredelements="8" complexity="0" loc="9" ncloc="9" packages="1" files="1" classes="1"/>
    <file name="server.js" path="C:\Users\eldiv\OneDrive\Escritorio\Pipeline CICD\Pipeline-CI-CD\src\backend\server.js">
      <metrics statements="9" coveredstatements="6" conditionals="4" coveredconditionals="1" methods="2" coveredmethods="1"/>
      <line num="3" count="1" type="stmt"/>
      <line num="4" count="1" type="stmt"/>
      <line num="7" count="1" type="stmt"/>
      <line num="8" count="1" type="stmt"/>
      <line num="12" count="1" type="cond" truecount="1" falsecount="1"/>
      <line num="13" count="0" type="cond" truecount="0" falsecount="2"/>
      <line num="14" count="0" type="stmt"/>
      <line num="15" count="0" type="stmt"/>
      <line num="19" count="1" type="stmt"/>
    </file>
  </project>
</coverage>
